cpu-bind=MASK - bp1-gpu027, task  0  0 [52052]: mask 0x101 set
bp1-gpu027.data.bp.acrc.priv
JOB ID: 4832780
Working Directory: /user/work/jd18380/compass_yr1/SC2/portfolio_8
Start Time: Mon 17 Apr 14:55:14 BST 2023
GPU available: True (cuda), used: True
TPU available: False, using: 0 TPU cores
IPU available: False, using: 0 IPUs
HPU available: False, using: 0 HPUs
LOCAL_RANK: 0 - CUDA_VISIBLE_DEVICES: [0]
Using device:  cuda
Files already downloaded and verified
Files already downloaded and verified
Traceback (most recent call last):
  File "main.py", line 68, in <module>
    main(args)
  File "main.py", line 33, in main
    trainer.fit(model=ED, train_dataloaders=training_loader, val_dataloaders=test_loader)
  File "/user/home/jd18380/tmp/mypyenvb/lib/python3.7/site-packages/lightning/pytorch/trainer/trainer.py", line 609, in fit
    self, self._fit_impl, model, train_dataloaders, val_dataloaders, datamodule, ckpt_path
  File "/user/home/jd18380/tmp/mypyenvb/lib/python3.7/site-packages/lightning/pytorch/trainer/call.py", line 38, in _call_and_handle_interrupt
    return trainer_fn(*args, **kwargs)
  File "/user/home/jd18380/tmp/mypyenvb/lib/python3.7/site-packages/lightning/pytorch/trainer/trainer.py", line 650, in _fit_impl
    self._run(model, ckpt_path=self.ckpt_path)
  File "/user/home/jd18380/tmp/mypyenvb/lib/python3.7/site-packages/lightning/pytorch/trainer/trainer.py", line 1097, in _run
    self._call_callback_hooks("on_fit_start")
  File "/user/home/jd18380/tmp/mypyenvb/lib/python3.7/site-packages/lightning/pytorch/trainer/trainer.py", line 1394, in _call_callback_hooks
    fn(self, self.lightning_module, *args, **kwargs)
  File "/user/home/jd18380/tmp/mypyenvb/lib/python3.7/site-packages/lightning/pytorch/callbacks/model_summary.py", line 59, in on_fit_start
    model_summary = self._summary(trainer, pl_module)
  File "/user/home/jd18380/tmp/mypyenvb/lib/python3.7/site-packages/lightning/pytorch/callbacks/model_summary.py", line 73, in _summary
    return summarize(pl_module, max_depth=self._max_depth)
  File "/user/home/jd18380/tmp/mypyenvb/lib/python3.7/site-packages/lightning/pytorch/utilities/model_summary/model_summary.py", line 431, in summarize
    return ModelSummary(lightning_module, max_depth=max_depth)
  File "/user/home/jd18380/tmp/mypyenvb/lib/python3.7/site-packages/lightning/pytorch/utilities/model_summary/model_summary.py", line 189, in __init__
    self._layer_summary = self.summarize()
  File "/user/home/jd18380/tmp/mypyenvb/lib/python3.7/site-packages/lightning/pytorch/utilities/model_summary/model_summary.py", line 246, in summarize
    self._forward_example_input()
  File "/user/home/jd18380/tmp/mypyenvb/lib/python3.7/site-packages/lightning/pytorch/utilities/model_summary/model_summary.py", line 278, in _forward_example_input
    model(input_)
  File "/user/home/jd18380/tmp/mypyenvb/lib/python3.7/site-packages/torch/nn/modules/module.py", line 1194, in _call_impl
    return forward_call(*input, **kwargs)
  File "/user/work/jd18380/compass_yr1/SC2/portfolio_8/VAE.py", line 166, in forward
    z = self.encoder(x)
  File "/user/home/jd18380/tmp/mypyenvb/lib/python3.7/site-packages/torch/nn/modules/module.py", line 1212, in _call_impl
    result = forward_call(*input, **kwargs)
  File "/user/work/jd18380/compass_yr1/SC2/portfolio_8/VAE.py", line 48, in forward
    return self.net(x)
  File "/user/home/jd18380/tmp/mypyenvb/lib/python3.7/site-packages/torch/nn/modules/module.py", line 1194, in _call_impl
    return forward_call(*input, **kwargs)
  File "/user/home/jd18380/tmp/mypyenvb/lib/python3.7/site-packages/torch/nn/modules/container.py", line 204, in forward
    input = module(input)
  File "/user/home/jd18380/tmp/mypyenvb/lib/python3.7/site-packages/torch/nn/modules/module.py", line 1194, in _call_impl
    return forward_call(*input, **kwargs)
  File "/user/home/jd18380/tmp/mypyenvb/lib/python3.7/site-packages/torch/nn/modules/linear.py", line 114, in forward
    return F.linear(input, self.weight, self.bias)
RuntimeError: mat1 and mat2 shapes cannot be multiplied (2x3072 and 384x3)
End Time: Mon 17 Apr 14:56:03 BST 2023
