cpu-bind=MASK - bp1-gpu025, task  0  0 [160663]: mask 0x202 set
bp1-gpu025.data.bp.acrc.priv
JOB ID: 4805827
Working Directory: /user/work/jd18380/compass_yr1/Mini_Project/src/encoding
Start Time: Mon 10 Apr 17:26:44 BST 2023
Files already downloaded and verified
Files already downloaded and verified
Epoch 1
-------------------------------
loss: 2.301670  [  128/50000]
loss: 2.063762  [12928/50000]
loss: 1.965331  [25728/50000]
loss: 1.832421  [38528/50000]
Test Error: 
 Accuracy: 26.7%, Avg loss: 1.826905 

Epoch 2
-------------------------------
loss: 1.877249  [  128/50000]
loss: 1.743451  [12928/50000]
loss: 1.693497  [25728/50000]
loss: 1.515872  [38528/50000]
Test Error: 
 Accuracy: 38.0%, Avg loss: 1.540791 

Epoch 3
-------------------------------
loss: 1.509705  [  128/50000]
loss: 1.518424  [12928/50000]
loss: 1.336653  [25728/50000]
loss: 1.455679  [38528/50000]
Test Error: 
 Accuracy: 46.6%, Avg loss: 1.393833 

Epoch 4
-------------------------------
loss: 1.474724  [  128/50000]
loss: 1.282861  [12928/50000]
loss: 1.267719  [25728/50000]
loss: 1.287288  [38528/50000]
Test Error: 
 Accuracy: 51.6%, Avg loss: 1.277529 

Epoch 5
-------------------------------
loss: 1.246784  [  128/50000]
loss: 1.174211  [12928/50000]
loss: 1.058478  [25728/50000]
loss: 1.053058  [38528/50000]
Test Error: 
 Accuracy: 60.3%, Avg loss: 1.088840 

Epoch 6
-------------------------------
loss: 0.939252  [  128/50000]
loss: 0.932046  [12928/50000]
loss: 0.903071  [25728/50000]
loss: 0.973861  [38528/50000]
Test Error: 
 Accuracy: 65.0%, Avg loss: 0.979832 

Epoch 7
-------------------------------
loss: 0.933301  [  128/50000]
loss: 0.855106  [12928/50000]
loss: 0.880385  [25728/50000]
loss: 0.950803  [38528/50000]
Test Error: 
 Accuracy: 65.6%, Avg loss: 0.986599 

Epoch 8
-------------------------------
loss: 0.871960  [  128/50000]
loss: 0.981468  [12928/50000]
loss: 0.858963  [25728/50000]
loss: 0.821528  [38528/50000]
Test Error: 
 Accuracy: 71.3%, Avg loss: 0.822953 

Epoch 9
-------------------------------
loss: 0.675453  [  128/50000]
loss: 0.535268  [12928/50000]
loss: 0.751267  [25728/50000]
loss: 0.487020  [38528/50000]
Test Error: 
 Accuracy: 72.7%, Avg loss: 0.822496 

Epoch 10
-------------------------------
loss: 0.689702  [  128/50000]
loss: 0.562720  [12928/50000]
loss: 0.546691  [25728/50000]
loss: 0.529596  [38528/50000]
Test Error: 
 Accuracy: 73.7%, Avg loss: 0.794006 

Epoch 11
-------------------------------
loss: 0.485663  [  128/50000]
loss: 0.511418  [12928/50000]
loss: 0.404030  [25728/50000]
loss: 0.421929  [38528/50000]
Test Error: 
 Accuracy: 75.2%, Avg loss: 0.766846 

Epoch 12
-------------------------------
loss: 0.490952  [  128/50000]
loss: 0.398624  [12928/50000]
loss: 0.554817  [25728/50000]
loss: 0.388195  [38528/50000]
Test Error: 
 Accuracy: 75.3%, Avg loss: 0.769890 

Epoch 13
-------------------------------
loss: 0.310177  [  128/50000]
loss: 0.299383  [12928/50000]
loss: 0.457185  [25728/50000]
loss: 0.354232  [38528/50000]
Test Error: 
 Accuracy: 75.2%, Avg loss: 0.790264 

Epoch 14
-------------------------------
loss: 0.349123  [  128/50000]
loss: 0.183871  [12928/50000]
loss: 0.281924  [25728/50000]
loss: 0.306212  [38528/50000]
Test Error: 
 Accuracy: 76.6%, Avg loss: 0.836074 

Epoch 15
-------------------------------
loss: 0.385414  [  128/50000]
loss: 0.253482  [12928/50000]
loss: 0.191790  [25728/50000]
loss: 0.254245  [38528/50000]
Test Error: 
 Accuracy: 76.8%, Avg loss: 0.813437 

Epoch 16
-------------------------------
loss: 0.203827  [  128/50000]
loss: 0.150085  [12928/50000]
loss: 0.210177  [25728/50000]
loss: 0.302420  [38528/50000]
Test Error: 
 Accuracy: 76.5%, Avg loss: 0.891434 

Epoch 17
-------------------------------
loss: 0.138593  [  128/50000]
loss: 0.177156  [12928/50000]
loss: 0.224261  [25728/50000]
loss: 0.180141  [38528/50000]
Test Error: 
 Accuracy: 76.8%, Avg loss: 0.900634 

Epoch 18
-------------------------------
loss: 0.095280  [  128/50000]
loss: 0.147160  [12928/50000]
loss: 0.164149  [25728/50000]
loss: 0.116312  [38528/50000]
Test Error: 
 Accuracy: 76.5%, Avg loss: 0.975391 

Epoch 19
-------------------------------
loss: 0.177464  [  128/50000]
loss: 0.186977  [12928/50000]
loss: 0.090732  [25728/50000]
loss: 0.233892  [38528/50000]
Test Error: 
 Accuracy: 76.4%, Avg loss: 1.062192 

Epoch 20
-------------------------------
loss: 0.133957  [  128/50000]
loss: 0.171427  [12928/50000]
loss: 0.118751  [25728/50000]
loss: 0.095173  [38528/50000]
Test Error: 
 Accuracy: 77.0%, Avg loss: 0.993731 

Epoch 21
-------------------------------
loss: 0.076898  [  128/50000]
loss: 0.107723  [12928/50000]
loss: 0.061702  [25728/50000]
loss: 0.055473  [38528/50000]
Test Error: 
 Accuracy: 77.1%, Avg loss: 1.104638 

Epoch 22
-------------------------------
loss: 0.012703  [  128/50000]
loss: 0.106476  [12928/50000]
loss: 0.093387  [25728/50000]
loss: 0.058822  [38528/50000]
Test Error: 
 Accuracy: 77.5%, Avg loss: 1.060520 

Epoch 23
-------------------------------
loss: 0.032963  [  128/50000]
loss: 0.071480  [12928/50000]
loss: 0.143102  [25728/50000]
loss: 0.139554  [38528/50000]
Test Error: 
 Accuracy: 77.5%, Avg loss: 1.096996 

Epoch 24
-------------------------------
loss: 0.049509  [  128/50000]
loss: 0.085149  [12928/50000]
loss: 0.074224  [25728/50000]
loss: 0.034048  [38528/50000]
Test Error: 
 Accuracy: 76.7%, Avg loss: 1.219921 

Epoch 25
-------------------------------
loss: 0.034816  [  128/50000]
loss: 0.061695  [12928/50000]
loss: 0.091519  [25728/50000]
loss: 0.135622  [38528/50000]
Test Error: 
 Accuracy: 78.2%, Avg loss: 1.189331 

Epoch 26
-------------------------------
loss: 0.116494  [  128/50000]
loss: 0.070744  [12928/50000]
loss: 0.052975  [25728/50000]
loss: 0.070543  [38528/50000]
Test Error: 
 Accuracy: 77.3%, Avg loss: 1.141117 

Epoch 27
-------------------------------
loss: 0.032597  [  128/50000]
loss: 0.079059  [12928/50000]
loss: 0.024994  [25728/50000]
loss: 0.029257  [38528/50000]
Test Error: 
 Accuracy: 77.5%, Avg loss: 1.323679 

Epoch 28
-------------------------------
loss: 0.064204  [  128/50000]
loss: 0.033327  [12928/50000]
loss: 0.140358  [25728/50000]
loss: 0.007418  [38528/50000]
Test Error: 
 Accuracy: 77.5%, Avg loss: 1.187803 

Epoch 29
-------------------------------
loss: 0.041208  [  128/50000]
loss: 0.101457  [12928/50000]
loss: 0.038940  [25728/50000]
loss: 0.039127  [38528/50000]
Test Error: 
 Accuracy: 78.2%, Avg loss: 1.181037 

Epoch 30
-------------------------------
loss: 0.012050  [  128/50000]
loss: 0.042790  [12928/50000]
loss: 0.004802  [25728/50000]
loss: 0.117026  [38528/50000]
Test Error: 
 Accuracy: 78.3%, Avg loss: 1.107616 

Epoch 31
-------------------------------
loss: 0.022271  [  128/50000]
loss: 0.063091  [12928/50000]
loss: 0.017087  [25728/50000]
loss: 0.045963  [38528/50000]
Test Error: 
 Accuracy: 77.7%, Avg loss: 1.175831 

Epoch 32
-------------------------------
loss: 0.081460  [  128/50000]
loss: 0.013632  [12928/50000]
loss: 0.040981  [25728/50000]
loss: 0.016456  [38528/50000]
Test Error: 
 Accuracy: 77.9%, Avg loss: 1.208294 

Epoch 33
-------------------------------
loss: 0.051149  [  128/50000]
loss: 0.007071  [12928/50000]
loss: 0.010570  [25728/50000]
loss: 0.101730  [38528/50000]
Test Error: 
 Accuracy: 78.4%, Avg loss: 1.185317 

Epoch 34
-------------------------------
loss: 0.011635  [  128/50000]
loss: 0.023579  [12928/50000]
loss: 0.018748  [25728/50000]
loss: 0.022249  [38528/50000]
Test Error: 
 Accuracy: 78.0%, Avg loss: 1.191833 

Epoch 35
-------------------------------
loss: 0.071149  [  128/50000]
loss: 0.079993  [12928/50000]
loss: 0.084277  [25728/50000]
loss: 0.032982  [38528/50000]
Test Error: 
 Accuracy: 78.2%, Avg loss: 1.275905 

Epoch 36
-------------------------------
loss: 0.026267  [  128/50000]
loss: 0.020979  [12928/50000]
loss: 0.036011  [25728/50000]
loss: 0.091490  [38528/50000]
Test Error: 
 Accuracy: 77.7%, Avg loss: 1.172722 

Epoch 37
-------------------------------
loss: 0.111921  [  128/50000]
loss: 0.010604  [12928/50000]
loss: 0.012049  [25728/50000]
loss: 0.016303  [38528/50000]
Test Error: 
 Accuracy: 77.7%, Avg loss: 1.237214 

Epoch 38
-------------------------------
loss: 0.013412  [  128/50000]
loss: 0.005348  [12928/50000]
loss: 0.020932  [25728/50000]
loss: 0.122509  [38528/50000]
Test Error: 
 Accuracy: 78.0%, Avg loss: 1.204189 

Epoch 39
-------------------------------
loss: 0.054097  [  128/50000]
loss: 0.040026  [12928/50000]
loss: 0.053219  [25728/50000]
loss: 0.054323  [38528/50000]
Test Error: 
 Accuracy: 79.0%, Avg loss: 1.228060 

Epoch 40
-------------------------------
loss: 0.002710  [  128/50000]
loss: 0.051550  [12928/50000]
loss: 0.164587  [25728/50000]
loss: 0.022989  [38528/50000]
Test Error: 
 Accuracy: 78.2%, Avg loss: 1.340320 

Epoch 41
-------------------------------
loss: 0.001229  [  128/50000]
loss: 0.055553  [12928/50000]
loss: 0.008379  [25728/50000]
loss: 0.101458  [38528/50000]
Test Error: 
 Accuracy: 77.5%, Avg loss: 1.202160 

Epoch 42
-------------------------------
loss: 0.052145  [  128/50000]
loss: 0.042565  [12928/50000]
loss: 0.089007  [25728/50000]
loss: 0.002163  [38528/50000]
Test Error: 
 Accuracy: 78.8%, Avg loss: 1.209267 

Epoch 43
-------------------------------
loss: 0.014030  [  128/50000]
loss: 0.005681  [12928/50000]
loss: 0.048256  [25728/50000]
loss: 0.029489  [38528/50000]
Test Error: 
 Accuracy: 78.1%, Avg loss: 1.053161 

Epoch 44
-------------------------------
loss: 0.028133  [  128/50000]
loss: 0.008540  [12928/50000]
loss: 0.030906  [25728/50000]
loss: 0.003922  [38528/50000]
Test Error: 
 Accuracy: 78.6%, Avg loss: 1.278379 

Epoch 45
-------------------------------
loss: 0.032991  [  128/50000]
loss: 0.007292  [12928/50000]
loss: 0.009694  [25728/50000]
loss: 0.008478  [38528/50000]
Test Error: 
 Accuracy: 76.2%, Avg loss: 1.436427 

Epoch 46
-------------------------------
loss: 0.184832  [  128/50000]
loss: 0.028792  [12928/50000]
loss: 0.015108  [25728/50000]
loss: 0.016913  [38528/50000]
Test Error: 
 Accuracy: 79.0%, Avg loss: 1.177028 

Epoch 47
-------------------------------
loss: 0.028159  [  128/50000]
loss: 0.070837  [12928/50000]
loss: 0.036427  [25728/50000]
loss: 0.015947  [38528/50000]
Test Error: 
 Accuracy: 78.1%, Avg loss: 1.228045 

Epoch 48
-------------------------------
loss: 0.059648  [  128/50000]
loss: 0.027778  [12928/50000]
loss: 0.042750  [25728/50000]
loss: 0.027142  [38528/50000]
Test Error: 
 Accuracy: 78.7%, Avg loss: 1.226548 

Epoch 49
-------------------------------
loss: 0.002053  [  128/50000]
loss: 0.013687  [12928/50000]
loss: 0.038860  [25728/50000]
loss: 0.092430  [38528/50000]
Test Error: 
 Accuracy: 78.4%, Avg loss: 1.392370 

Epoch 50
-------------------------------
loss: 0.010658  [  128/50000]
loss: 0.022826  [12928/50000]
loss: 0.029820  [25728/50000]
loss: 0.024835  [38528/50000]
Test Error: 
 Accuracy: 78.7%, Avg loss: 1.284330 

Epoch 51
-------------------------------
loss: 0.039544  [  128/50000]
loss: 0.014668  [12928/50000]
loss: 0.022738  [25728/50000]
loss: 0.004567  [38528/50000]
Test Error: 
 Accuracy: 78.1%, Avg loss: 1.393021 

Epoch 52
-------------------------------
loss: 0.034248  [  128/50000]
loss: 0.011160  [12928/50000]
loss: 0.032320  [25728/50000]
loss: 0.017551  [38528/50000]
Test Error: 
 Accuracy: 78.3%, Avg loss: 1.223802 

Epoch 53
-------------------------------
loss: 0.034834  [  128/50000]
loss: 0.023116  [12928/50000]
loss: 0.054397  [25728/50000]
loss: 0.026523  [38528/50000]
Test Error: 
 Accuracy: 79.2%, Avg loss: 1.232741 

Epoch 54
-------------------------------
loss: 0.021647  [  128/50000]
loss: 0.008594  [12928/50000]
loss: 0.023871  [25728/50000]
loss: 0.009498  [38528/50000]
Test Error: 
 Accuracy: 79.0%, Avg loss: 1.346150 

Epoch 55
-------------------------------
loss: 0.016691  [  128/50000]
loss: 0.005488  [12928/50000]
loss: 0.019539  [25728/50000]
loss: 0.066166  [38528/50000]
Test Error: 
 Accuracy: 78.3%, Avg loss: 1.174061 

Epoch 56
-------------------------------
loss: 0.008156  [  128/50000]
loss: 0.001317  [12928/50000]
loss: 0.004630  [25728/50000]
loss: 0.042887  [38528/50000]
Test Error: 
 Accuracy: 78.5%, Avg loss: 1.172365 

Epoch 57
-------------------------------
loss: 0.086724  [  128/50000]
loss: 0.036476  [12928/50000]
loss: 0.001624  [25728/50000]
loss: 0.036426  [38528/50000]
Test Error: 
 Accuracy: 77.6%, Avg loss: 1.272375 

Epoch 58
-------------------------------
loss: 0.038169  [  128/50000]
loss: 0.011904  [12928/50000]
loss: 0.010168  [25728/50000]
loss: 0.006955  [38528/50000]
Test Error: 
 Accuracy: 76.3%, Avg loss: 1.492438 

Epoch 59
-------------------------------
loss: 0.156125  [  128/50000]
loss: 0.031312  [12928/50000]
loss: 0.007034  [25728/50000]
loss: 0.007176  [38528/50000]
Test Error: 
 Accuracy: 78.9%, Avg loss: 1.217679 

Epoch 60
-------------------------------
loss: 0.001298  [  128/50000]
loss: 0.060221  [12928/50000]
loss: 0.004242  [25728/50000]
loss: 0.092468  [38528/50000]
Test Error: 
 Accuracy: 78.3%, Avg loss: 1.220212 

Epoch 61
-------------------------------
loss: 0.043883  [  128/50000]
loss: 0.045167  [12928/50000]
loss: 0.001387  [25728/50000]
loss: 0.056209  [38528/50000]
Test Error: 
 Accuracy: 78.8%, Avg loss: 1.282252 

Epoch 62
-------------------------------
loss: 0.010155  [  128/50000]
loss: 0.001092  [12928/50000]
loss: 0.046471  [25728/50000]
loss: 0.003923  [38528/50000]
Test Error: 
 Accuracy: 79.1%, Avg loss: 1.287206 

Epoch 63
-------------------------------
loss: 0.049436  [  128/50000]
loss: 0.049221  [12928/50000]
loss: 0.021622  [25728/50000]
loss: 0.014830  [38528/50000]
Test Error: 
 Accuracy: 79.2%, Avg loss: 1.220968 

Epoch 64
-------------------------------
loss: 0.015513  [  128/50000]
loss: 0.004421  [12928/50000]
loss: 0.008762  [25728/50000]
loss: 0.001830  [38528/50000]
Test Error: 
 Accuracy: 79.4%, Avg loss: 1.193747 

Epoch 65
-------------------------------
loss: 0.020249  [  128/50000]
loss: 0.038278  [12928/50000]
loss: 0.046743  [25728/50000]
loss: 0.008440  [38528/50000]
Test Error: 
 Accuracy: 79.1%, Avg loss: 1.415299 

Epoch 66
-------------------------------
loss: 0.011937  [  128/50000]
loss: 0.079710  [12928/50000]
loss: 0.002457  [25728/50000]
loss: 0.001073  [38528/50000]
Test Error: 
 Accuracy: 79.5%, Avg loss: 1.177811 

Epoch 67
-------------------------------
loss: 0.010220  [  128/50000]
loss: 0.003108  [12928/50000]
loss: 0.036528  [25728/50000]
loss: 0.005923  [38528/50000]
Test Error: 
 Accuracy: 79.5%, Avg loss: 1.232682 

Epoch 68
-------------------------------
loss: 0.001615  [  128/50000]
loss: 0.020834  [12928/50000]
loss: 0.002291  [25728/50000]
loss: 0.030714  [38528/50000]
Test Error: 
 Accuracy: 79.7%, Avg loss: 1.349012 

Epoch 69
-------------------------------
loss: 0.002520  [  128/50000]
loss: 0.041968  [12928/50000]
loss: 0.064909  [25728/50000]
loss: 0.008181  [38528/50000]
Test Error: 
 Accuracy: 79.0%, Avg loss: 1.383642 

Epoch 70
-------------------------------
loss: 0.002644  [  128/50000]
loss: 0.010412  [12928/50000]
loss: 0.018391  [25728/50000]
loss: 0.044962  [38528/50000]
Test Error: 
 Accuracy: 80.3%, Avg loss: 1.129372 

Epoch 71
-------------------------------
loss: 0.003302  [  128/50000]
loss: 0.011555  [12928/50000]
loss: 0.058353  [25728/50000]
loss: 0.040554  [38528/50000]
Test Error: 
 Accuracy: 80.0%, Avg loss: 1.165128 

Epoch 72
-------------------------------
loss: 0.003123  [  128/50000]
loss: 0.005876  [12928/50000]
loss: 0.003924  [25728/50000]
loss: 0.006156  [38528/50000]
Test Error: 
 Accuracy: 78.2%, Avg loss: 1.281366 

Epoch 73
-------------------------------
loss: 0.134493  [  128/50000]
loss: 0.007192  [12928/50000]
loss: 0.086958  [25728/50000]
loss: 0.013480  [38528/50000]
Test Error: 
 Accuracy: 79.6%, Avg loss: 1.359725 

Epoch 74
-------------------------------
loss: 0.001433  [  128/50000]
loss: 0.007659  [12928/50000]
loss: 0.002451  [25728/50000]
loss: 0.016594  [38528/50000]
Test Error: 
 Accuracy: 79.3%, Avg loss: 1.346258 

Epoch 75
-------------------------------
loss: 0.004724  [  128/50000]
loss: 0.007445  [12928/50000]
loss: 0.000561  [25728/50000]
loss: 0.001444  [38528/50000]
Test Error: 
 Accuracy: 79.2%, Avg loss: 1.387329 

Epoch 76
-------------------------------
loss: 0.002530  [  128/50000]
loss: 0.001775  [12928/50000]
loss: 0.042158  [25728/50000]
loss: 0.001095  [38528/50000]
Test Error: 
 Accuracy: 79.4%, Avg loss: 1.353049 

Epoch 77
-------------------------------
loss: 0.024326  [  128/50000]
loss: 0.001201  [12928/50000]
loss: 0.012410  [25728/50000]
loss: 0.007434  [38528/50000]
Test Error: 
 Accuracy: 80.0%, Avg loss: 1.164897 

Epoch 78
-------------------------------
loss: 0.012725  [  128/50000]
loss: 0.081650  [12928/50000]
loss: 0.007228  [25728/50000]
loss: 0.005002  [38528/50000]
Test Error: 
 Accuracy: 79.2%, Avg loss: 1.185974 

Epoch 79
-------------------------------
loss: 0.005183  [  128/50000]
loss: 0.020070  [12928/50000]
loss: 0.000956  [25728/50000]
loss: 0.004531  [38528/50000]
Test Error: 
 Accuracy: 80.0%, Avg loss: 1.295282 

Epoch 80
-------------------------------
loss: 0.001550  [  128/50000]
loss: 0.023767  [12928/50000]
loss: 0.001837  [25728/50000]
loss: 0.024616  [38528/50000]
Test Error: 
 Accuracy: 78.7%, Avg loss: 1.319081 

Epoch 81
-------------------------------
loss: 0.036987  [  128/50000]
loss: 0.018959  [12928/50000]
loss: 0.002408  [25728/50000]
loss: 0.009800  [38528/50000]
Test Error: 
 Accuracy: 79.6%, Avg loss: 1.311842 

Epoch 82
-------------------------------
loss: 0.002339  [  128/50000]
loss: 0.001090  [12928/50000]
loss: 0.000977  [25728/50000]
loss: 0.010545  [38528/50000]
Test Error: 
 Accuracy: 79.4%, Avg loss: 1.250086 

Epoch 83
-------------------------------
loss: 0.004277  [  128/50000]
loss: 0.000372  [12928/50000]
loss: 0.124317  [25728/50000]
loss: 0.000098  [38528/50000]
Test Error: 
 Accuracy: 80.4%, Avg loss: 1.386663 

Epoch 84
-------------------------------
loss: 0.004491  [  128/50000]
loss: 0.002569  [12928/50000]
loss: 0.002408  [25728/50000]
loss: 0.005235  [38528/50000]
Test Error: 
 Accuracy: 80.1%, Avg loss: 1.258861 

Epoch 85
-------------------------------
loss: 0.000336  [  128/50000]
loss: 0.000354  [12928/50000]
loss: 0.041481  [25728/50000]
loss: 0.020700  [38528/50000]
Test Error: 
 Accuracy: 79.5%, Avg loss: 1.505284 

Epoch 86
-------------------------------
loss: 0.004672  [  128/50000]
loss: 0.026970  [12928/50000]
loss: 0.000989  [25728/50000]
loss: 0.004234  [38528/50000]
Test Error: 
 Accuracy: 79.0%, Avg loss: 1.256990 

Epoch 87
-------------------------------
loss: 0.027986  [  128/50000]
loss: 0.004849  [12928/50000]
loss: 0.014874  [25728/50000]
loss: 0.006300  [38528/50000]
Test Error: 
 Accuracy: 80.4%, Avg loss: 1.426746 

Epoch 88
-------------------------------
loss: 0.012509  [  128/50000]
loss: 0.002614  [12928/50000]
loss: 0.005107  [25728/50000]
loss: 0.029782  [38528/50000]
Test Error: 
 Accuracy: 79.4%, Avg loss: 1.428172 

Epoch 89
-------------------------------
loss: 0.017289  [  128/50000]
loss: 0.004731  [12928/50000]
loss: 0.030713  [25728/50000]
loss: 0.005710  [38528/50000]
Test Error: 
 Accuracy: 80.1%, Avg loss: 1.282640 

Epoch 90
-------------------------------
loss: 0.002172  [  128/50000]
loss: 0.010635  [12928/50000]
loss: 0.016323  [25728/50000]
loss: 0.006775  [38528/50000]
Test Error: 
 Accuracy: 78.1%, Avg loss: 1.309044 

Epoch 91
-------------------------------
loss: 0.030655  [  128/50000]
loss: 0.011871  [12928/50000]
loss: 0.003227  [25728/50000]
loss: 0.033654  [38528/50000]
Test Error: 
 Accuracy: 80.2%, Avg loss: 1.378642 

Epoch 92
-------------------------------
loss: 0.000743  [  128/50000]
loss: 0.089190  [12928/50000]
loss: 0.001923  [25728/50000]
loss: 0.001496  [38528/50000]
Test Error: 
 Accuracy: 79.0%, Avg loss: 1.364089 

Epoch 93
-------------------------------
loss: 0.074419  [  128/50000]
loss: 0.029522  [12928/50000]
loss: 0.024321  [25728/50000]
loss: 0.036212  [38528/50000]
Test Error: 
 Accuracy: 79.5%, Avg loss: 1.332504 

Epoch 94
-------------------------------
loss: 0.063192  [  128/50000]
loss: 0.045175  [12928/50000]
loss: 0.069558  [25728/50000]
loss: 0.000444  [38528/50000]
Test Error: 
 Accuracy: 79.5%, Avg loss: 1.295033 

Epoch 95
-------------------------------
loss: 0.003357  [  128/50000]
loss: 0.025053  [12928/50000]
loss: 0.029713  [25728/50000]
loss: 0.075849  [38528/50000]
Test Error: 
 Accuracy: 80.3%, Avg loss: 1.253179 

Epoch 96
-------------------------------
loss: 0.010850  [  128/50000]
loss: 0.000083  [12928/50000]
loss: 0.042453  [25728/50000]
loss: 0.041001  [38528/50000]
Test Error: 
 Accuracy: 80.1%, Avg loss: 1.338683 

Epoch 97
-------------------------------
loss: 0.014901  [  128/50000]
loss: 0.031389  [12928/50000]
loss: 0.006074  [25728/50000]
loss: 0.025046  [38528/50000]
Test Error: 
 Accuracy: 79.9%, Avg loss: 1.346439 

Epoch 98
-------------------------------
loss: 0.014633  [  128/50000]
loss: 0.002090  [12928/50000]
loss: 0.030990  [25728/50000]
loss: 0.015925  [38528/50000]
Test Error: 
 Accuracy: 79.0%, Avg loss: 1.377923 

Epoch 99
-------------------------------
loss: 0.003394  [  128/50000]
loss: 0.000352  [12928/50000]
loss: 0.001133  [25728/50000]
loss: 0.002086  [38528/50000]
Test Error: 
 Accuracy: 79.9%, Avg loss: 1.466001 

Epoch 100
-------------------------------
loss: 0.008702  [  128/50000]
loss: 0.044669  [12928/50000]
loss: 0.019369  [25728/50000]
loss: 0.031547  [38528/50000]
Test Error: 
 Accuracy: 79.9%, Avg loss: 1.165927 

Done!
Traceback (most recent call last):
  File "encode.py", line 206, in <module>
    main(args, is_CL)
  File "encode.py", line 179, in main
    run_encoding(args.data_name, args.encoder_name, batch_size=128, learning_rate=0.0001, epochs=100, optimizer="Adam")
  File "encode.py", line 166, in run_encoding
    encode_and_save(encoder, train_dataloader, device, "../data/EncodedDatasets/"+data_name+ "_"+ encoder_name + "_train.hdf5")
  File "encode.py", line 118, in encode_and_save
    f.create_dataset(str(i), data=encoded.detach().numpy())
TypeError: can't convert cuda:0 device type tensor to numpy. Use Tensor.cpu() to copy the tensor to host memory first.
End Time: Mon 10 Apr 18:03:56 BST 2023
