cpu-bind=MASK - bp1-gpu003, task  0  0 [60304]: mask 0x101 set
bp1-gpu003.data.bp.acrc.priv
JOB ID: 4806713
Working Directory: /user/work/jd18380/compass_yr1/Mini_Project/src/encoding
Start Time: Tue 11 Apr 09:37:14 BST 2023
Files already downloaded and verified
Files already downloaded and verified
Epoch 1
-------------------------------
loss: 2.295940  [  128/50000]
loss: 2.052222  [12928/50000]
loss: 1.812328  [25728/50000]
loss: 1.988707  [38528/50000]
Test Error: 
 Accuracy: 26.4%, Avg loss: 1.839372 

Epoch 2
-------------------------------
loss: 1.774357  [  128/50000]
loss: 1.725400  [12928/50000]
loss: 1.551743  [25728/50000]
loss: 1.515983  [38528/50000]
Test Error: 
 Accuracy: 38.0%, Avg loss: 1.530444 

Epoch 3
-------------------------------
loss: 1.686660  [  128/50000]
loss: 1.375948  [12928/50000]
loss: 1.543629  [25728/50000]
loss: 1.452599  [38528/50000]
Test Error: 
 Accuracy: 47.9%, Avg loss: 1.388306 

Epoch 4
-------------------------------
loss: 1.326902  [  128/50000]
loss: 1.370227  [12928/50000]
loss: 1.386248  [25728/50000]
loss: 1.400370  [38528/50000]
Test Error: 
 Accuracy: 55.9%, Avg loss: 1.245704 

Epoch 5
-------------------------------
loss: 1.346070  [  128/50000]
loss: 1.115355  [12928/50000]
loss: 1.184857  [25728/50000]
loss: 1.155694  [38528/50000]
Test Error: 
 Accuracy: 59.9%, Avg loss: 1.117883 

Epoch 6
-------------------------------
loss: 1.188302  [  128/50000]
loss: 0.907690  [12928/50000]
loss: 1.025626  [25728/50000]
loss: 1.109620  [38528/50000]
Test Error: 
 Accuracy: 66.8%, Avg loss: 0.970370 

Epoch 7
-------------------------------
loss: 0.809960  [  128/50000]
loss: 0.867187  [12928/50000]
loss: 0.788360  [25728/50000]
loss: 0.823322  [38528/50000]
Test Error: 
 Accuracy: 67.2%, Avg loss: 0.923206 

Epoch 8
-------------------------------
loss: 0.918542  [  128/50000]
loss: 0.655234  [12928/50000]
loss: 0.723394  [25728/50000]
loss: 0.629171  [38528/50000]
Test Error: 
 Accuracy: 68.9%, Avg loss: 0.897997 

Epoch 9
-------------------------------
loss: 0.692397  [  128/50000]
loss: 0.608458  [12928/50000]
loss: 0.575189  [25728/50000]
loss: 0.655044  [38528/50000]
Test Error: 
 Accuracy: 73.6%, Avg loss: 0.776488 

Epoch 10
-------------------------------
loss: 0.545483  [  128/50000]
loss: 0.657204  [12928/50000]
loss: 0.796686  [25728/50000]
loss: 0.533918  [38528/50000]
Test Error: 
 Accuracy: 72.6%, Avg loss: 0.808888 

Epoch 11
-------------------------------
loss: 0.587952  [  128/50000]
loss: 0.578805  [12928/50000]
loss: 0.585388  [25728/50000]
loss: 0.512637  [38528/50000]
Test Error: 
 Accuracy: 75.2%, Avg loss: 0.732702 

Epoch 12
-------------------------------
loss: 0.370792  [  128/50000]
loss: 0.472042  [12928/50000]
loss: 0.413073  [25728/50000]
loss: 0.332287  [38528/50000]
Test Error: 
 Accuracy: 74.7%, Avg loss: 0.795960 

Epoch 13
-------------------------------
loss: 0.307805  [  128/50000]
loss: 0.323328  [12928/50000]
loss: 0.403874  [25728/50000]
loss: 0.299826  [38528/50000]
Test Error: 
 Accuracy: 75.7%, Avg loss: 0.805650 

Epoch 14
-------------------------------
loss: 0.229434  [  128/50000]
loss: 0.210123  [12928/50000]
loss: 0.192583  [25728/50000]
loss: 0.335971  [38528/50000]
Test Error: 
 Accuracy: 75.8%, Avg loss: 0.865243 

Epoch 15
-------------------------------
loss: 0.179897  [  128/50000]
loss: 0.139075  [12928/50000]
loss: 0.217813  [25728/50000]
loss: 0.374156  [38528/50000]
Test Error: 
 Accuracy: 75.2%, Avg loss: 0.877876 

Epoch 16
-------------------------------
loss: 0.222914  [  128/50000]
loss: 0.131272  [12928/50000]
loss: 0.148748  [25728/50000]
loss: 0.155080  [38528/50000]
Test Error: 
 Accuracy: 76.2%, Avg loss: 1.002243 

Epoch 17
-------------------------------
loss: 0.188049  [  128/50000]
loss: 0.074612  [12928/50000]
loss: 0.219105  [25728/50000]
loss: 0.156300  [38528/50000]
Test Error: 
 Accuracy: 76.4%, Avg loss: 0.965409 

Epoch 18
-------------------------------
loss: 0.178623  [  128/50000]
loss: 0.144758  [12928/50000]
loss: 0.178731  [25728/50000]
loss: 0.180185  [38528/50000]
Test Error: 
 Accuracy: 76.9%, Avg loss: 1.050840 

Epoch 19
-------------------------------
loss: 0.065528  [  128/50000]
loss: 0.157167  [12928/50000]
loss: 0.116271  [25728/50000]
loss: 0.084280  [38528/50000]
Test Error: 
 Accuracy: 76.9%, Avg loss: 1.048367 

Epoch 20
-------------------------------
loss: 0.069678  [  128/50000]
loss: 0.115552  [12928/50000]
loss: 0.156280  [25728/50000]
loss: 0.093383  [38528/50000]
Test Error: 
 Accuracy: 76.5%, Avg loss: 1.166405 

Epoch 21
-------------------------------
loss: 0.063410  [  128/50000]
loss: 0.079662  [12928/50000]
loss: 0.065614  [25728/50000]
loss: 0.111594  [38528/50000]
Test Error: 
 Accuracy: 77.2%, Avg loss: 1.177271 

Epoch 22
-------------------------------
loss: 0.087078  [  128/50000]
loss: 0.116507  [12928/50000]
loss: 0.035123  [25728/50000]
loss: 0.079919  [38528/50000]
Test Error: 
 Accuracy: 76.7%, Avg loss: 1.140463 

Epoch 23
-------------------------------
loss: 0.059283  [  128/50000]
loss: 0.151420  [12928/50000]
loss: 0.028565  [25728/50000]
loss: 0.109082  [38528/50000]
Test Error: 
 Accuracy: 77.4%, Avg loss: 1.253930 

Epoch 24
-------------------------------
loss: 0.109181  [  128/50000]
loss: 0.029578  [12928/50000]
loss: 0.083229  [25728/50000]
loss: 0.136384  [38528/50000]
Test Error: 
 Accuracy: 77.3%, Avg loss: 1.141586 

Epoch 25
-------------------------------
loss: 0.032611  [  128/50000]
loss: 0.145575  [12928/50000]
loss: 0.030322  [25728/50000]
loss: 0.031364  [38528/50000]
Test Error: 
 Accuracy: 77.7%, Avg loss: 1.218354 

Epoch 26
-------------------------------
loss: 0.021861  [  128/50000]
loss: 0.062135  [12928/50000]
loss: 0.026504  [25728/50000]
loss: 0.072945  [38528/50000]
Test Error: 
 Accuracy: 76.4%, Avg loss: 1.296831 

Epoch 27
-------------------------------
loss: 0.020507  [  128/50000]
loss: 0.045855  [12928/50000]
loss: 0.045384  [25728/50000]
loss: 0.072404  [38528/50000]
Test Error: 
 Accuracy: 77.3%, Avg loss: 1.354457 

Epoch 28
-------------------------------
loss: 0.032269  [  128/50000]
loss: 0.071883  [12928/50000]
loss: 0.045876  [25728/50000]
loss: 0.041685  [38528/50000]
Test Error: 
 Accuracy: 77.2%, Avg loss: 1.355661 

Epoch 29
-------------------------------
loss: 0.023835  [  128/50000]
loss: 0.115724  [12928/50000]
loss: 0.040105  [25728/50000]
loss: 0.053139  [38528/50000]
Test Error: 
 Accuracy: 76.7%, Avg loss: 1.239772 

Epoch 30
-------------------------------
loss: 0.067216  [  128/50000]
loss: 0.033009  [12928/50000]
loss: 0.003276  [25728/50000]
loss: 0.042828  [38528/50000]
Test Error: 
 Accuracy: 77.4%, Avg loss: 1.259506 

Epoch 31
-------------------------------
loss: 0.065716  [  128/50000]
loss: 0.013083  [12928/50000]
loss: 0.023966  [25728/50000]
loss: 0.052034  [38528/50000]
Test Error: 
 Accuracy: 77.9%, Avg loss: 1.178513 

Epoch 32
-------------------------------
loss: 0.008385  [  128/50000]
loss: 0.025775  [12928/50000]
loss: 0.035798  [25728/50000]
loss: 0.041620  [38528/50000]
Test Error: 
 Accuracy: 77.4%, Avg loss: 1.342084 

Epoch 33
-------------------------------
loss: 0.088622  [  128/50000]
loss: 0.103980  [12928/50000]
loss: 0.021290  [25728/50000]
loss: 0.051890  [38528/50000]
Test Error: 
 Accuracy: 77.3%, Avg loss: 1.251792 

Epoch 34
-------------------------------
loss: 0.022923  [  128/50000]
loss: 0.017462  [12928/50000]
loss: 0.021441  [25728/50000]
loss: 0.085493  [38528/50000]
Test Error: 
 Accuracy: 76.9%, Avg loss: 1.279446 

Epoch 35
-------------------------------
loss: 0.052497  [  128/50000]
loss: 0.037520  [12928/50000]
loss: 0.039211  [25728/50000]
loss: 0.087299  [38528/50000]
Test Error: 
 Accuracy: 75.8%, Avg loss: 1.465573 

Epoch 36
-------------------------------
loss: 0.018410  [  128/50000]
loss: 0.031685  [12928/50000]
loss: 0.026357  [25728/50000]
loss: 0.015974  [38528/50000]
Test Error: 
 Accuracy: 77.7%, Avg loss: 1.221964 

Epoch 37
-------------------------------
loss: 0.009271  [  128/50000]
loss: 0.030477  [12928/50000]
loss: 0.080229  [25728/50000]
loss: 0.042895  [38528/50000]
Test Error: 
 Accuracy: 78.1%, Avg loss: 1.197912 

Epoch 38
-------------------------------
loss: 0.008400  [  128/50000]
loss: 0.037806  [12928/50000]
loss: 0.022736  [25728/50000]
loss: 0.035883  [38528/50000]
Test Error: 
 Accuracy: 77.0%, Avg loss: 1.343516 

Epoch 39
-------------------------------
loss: 0.017000  [  128/50000]
loss: 0.058294  [12928/50000]
loss: 0.067163  [25728/50000]
loss: 0.011542  [38528/50000]
Test Error: 
 Accuracy: 76.7%, Avg loss: 1.368686 

Epoch 40
-------------------------------
loss: 0.053902  [  128/50000]
loss: 0.069368  [12928/50000]
loss: 0.027253  [25728/50000]
loss: 0.055374  [38528/50000]
Test Error: 
 Accuracy: 77.1%, Avg loss: 1.157853 

Epoch 41
-------------------------------
loss: 0.028299  [  128/50000]
loss: 0.028459  [12928/50000]
loss: 0.007132  [25728/50000]
loss: 0.085671  [38528/50000]
Test Error: 
 Accuracy: 77.3%, Avg loss: 1.352478 

Epoch 42
-------------------------------
loss: 0.005112  [  128/50000]
loss: 0.061334  [12928/50000]
loss: 0.111249  [25728/50000]
loss: 0.046308  [38528/50000]
Test Error: 
 Accuracy: 77.0%, Avg loss: 1.380659 

Epoch 43
-------------------------------
loss: 0.082638  [  128/50000]
loss: 0.021713  [12928/50000]
loss: 0.009175  [25728/50000]
loss: 0.039766  [38528/50000]
Test Error: 
 Accuracy: 78.0%, Avg loss: 1.276939 

Epoch 44
-------------------------------
loss: 0.005655  [  128/50000]
loss: 0.010990  [12928/50000]
loss: 0.015401  [25728/50000]
loss: 0.010401  [38528/50000]
Test Error: 
 Accuracy: 77.9%, Avg loss: 1.321928 

Epoch 45
-------------------------------
loss: 0.006229  [  128/50000]
loss: 0.113849  [12928/50000]
loss: 0.004527  [25728/50000]
loss: 0.012512  [38528/50000]
Test Error: 
 Accuracy: 77.9%, Avg loss: 1.305321 

Epoch 46
-------------------------------
loss: 0.041897  [  128/50000]
loss: 0.042703  [12928/50000]
loss: 0.054954  [25728/50000]
loss: 0.005889  [38528/50000]
Test Error: 
 Accuracy: 77.9%, Avg loss: 1.255613 

Epoch 47
-------------------------------
loss: 0.005135  [  128/50000]
loss: 0.029924  [12928/50000]
loss: 0.009823  [25728/50000]
loss: 0.094614  [38528/50000]
Test Error: 
 Accuracy: 78.4%, Avg loss: 1.296255 

Epoch 48
-------------------------------
loss: 0.020959  [  128/50000]
loss: 0.004876  [12928/50000]
loss: 0.004054  [25728/50000]
loss: 0.014531  [38528/50000]
Test Error: 
 Accuracy: 78.2%, Avg loss: 1.285229 

Epoch 49
-------------------------------
loss: 0.034887  [  128/50000]
loss: 0.003776  [12928/50000]
loss: 0.006300  [25728/50000]
loss: 0.009530  [38528/50000]
Test Error: 
 Accuracy: 78.3%, Avg loss: 1.228931 

Epoch 50
-------------------------------
loss: 0.007637  [  128/50000]
loss: 0.006807  [12928/50000]
loss: 0.076788  [25728/50000]
loss: 0.007926  [38528/50000]
Test Error: 
 Accuracy: 77.9%, Avg loss: 1.519229 

Epoch 51
-------------------------------
loss: 0.005918  [  128/50000]
loss: 0.031406  [12928/50000]
loss: 0.042142  [25728/50000]
loss: 0.023410  [38528/50000]
Test Error: 
 Accuracy: 78.3%, Avg loss: 1.317318 

Epoch 52
-------------------------------
loss: 0.005487  [  128/50000]
loss: 0.044524  [12928/50000]
loss: 0.096367  [25728/50000]
loss: 0.017263  [38528/50000]
Test Error: 
 Accuracy: 77.4%, Avg loss: 1.124746 

Epoch 53
-------------------------------
loss: 0.022246  [  128/50000]
loss: 0.055222  [12928/50000]
loss: 0.069064  [25728/50000]
loss: 0.010900  [38528/50000]
Test Error: 
 Accuracy: 78.5%, Avg loss: 1.323293 

Epoch 54
-------------------------------
loss: 0.002109  [  128/50000]
loss: 0.008831  [12928/50000]
loss: 0.069554  [25728/50000]
loss: 0.001949  [38528/50000]
Test Error: 
 Accuracy: 78.1%, Avg loss: 1.197186 

Epoch 55
-------------------------------
loss: 0.016367  [  128/50000]
loss: 0.002215  [12928/50000]
loss: 0.007626  [25728/50000]
loss: 0.021937  [38528/50000]
Test Error: 
 Accuracy: 77.7%, Avg loss: 1.562615 

Epoch 56
-------------------------------
loss: 0.022394  [  128/50000]
loss: 0.049477  [12928/50000]
loss: 0.018292  [25728/50000]
loss: 0.073214  [38528/50000]
Test Error: 
 Accuracy: 78.4%, Avg loss: 1.350239 

Epoch 57
-------------------------------
loss: 0.002504  [  128/50000]
loss: 0.003605  [12928/50000]
loss: 0.009831  [25728/50000]
loss: 0.090468  [38528/50000]
Test Error: 
 Accuracy: 79.0%, Avg loss: 1.409380 

Epoch 58
-------------------------------
loss: 0.027844  [  128/50000]
loss: 0.017328  [12928/50000]
loss: 0.037262  [25728/50000]
loss: 0.024656  [38528/50000]
Test Error: 
 Accuracy: 78.5%, Avg loss: 1.386311 

Epoch 59
-------------------------------
loss: 0.001260  [  128/50000]
loss: 0.027106  [12928/50000]
loss: 0.011537  [25728/50000]
loss: 0.099458  [38528/50000]
Test Error: 
 Accuracy: 78.7%, Avg loss: 1.347044 

Epoch 60
-------------------------------
loss: 0.003351  [  128/50000]
loss: 0.006178  [12928/50000]
loss: 0.005757  [25728/50000]
loss: 0.029168  [38528/50000]
Test Error: 
 Accuracy: 78.3%, Avg loss: 1.255810 

Epoch 61
-------------------------------
loss: 0.025589  [  128/50000]
loss: 0.007536  [12928/50000]
loss: 0.042499  [25728/50000]
loss: 0.047004  [38528/50000]
Test Error: 
 Accuracy: 77.5%, Avg loss: 1.200229 

Epoch 62
-------------------------------
loss: 0.023873  [  128/50000]
loss: 0.005283  [12928/50000]
loss: 0.007942  [25728/50000]
loss: 0.056198  [38528/50000]
Test Error: 
 Accuracy: 77.6%, Avg loss: 1.566090 

Epoch 63
-------------------------------
loss: 0.003875  [  128/50000]
loss: 0.102458  [12928/50000]
loss: 0.001461  [25728/50000]
loss: 0.013989  [38528/50000]
Test Error: 
 Accuracy: 78.7%, Avg loss: 1.316195 

Epoch 64
-------------------------------
loss: 0.001815  [  128/50000]
loss: 0.028098  [12928/50000]
loss: 0.009116  [25728/50000]
loss: 0.010162  [38528/50000]
Test Error: 
 Accuracy: 78.3%, Avg loss: 1.292592 

Epoch 65
-------------------------------
loss: 0.036846  [  128/50000]
loss: 0.003016  [12928/50000]
loss: 0.004473  [25728/50000]
loss: 0.017328  [38528/50000]
Test Error: 
 Accuracy: 77.9%, Avg loss: 1.243265 

Epoch 66
-------------------------------
loss: 0.027986  [  128/50000]
loss: 0.006371  [12928/50000]
loss: 0.017524  [25728/50000]
loss: 0.016729  [38528/50000]
Test Error: 
 Accuracy: 79.2%, Avg loss: 1.446609 

Epoch 67
-------------------------------
loss: 0.001614  [  128/50000]
loss: 0.008479  [12928/50000]
loss: 0.008833  [25728/50000]
loss: 0.018024  [38528/50000]
Test Error: 
 Accuracy: 79.3%, Avg loss: 1.383251 

Epoch 68
-------------------------------
loss: 0.015078  [  128/50000]
loss: 0.006123  [12928/50000]
loss: 0.002860  [25728/50000]
loss: 0.035389  [38528/50000]
Test Error: 
 Accuracy: 78.8%, Avg loss: 1.343748 

Epoch 69
-------------------------------
loss: 0.003854  [  128/50000]
loss: 0.004408  [12928/50000]
loss: 0.024705  [25728/50000]
loss: 0.046568  [38528/50000]
Test Error: 
 Accuracy: 79.1%, Avg loss: 1.358461 

Epoch 70
-------------------------------
loss: 0.004834  [  128/50000]
loss: 0.014528  [12928/50000]
loss: 0.002645  [25728/50000]
loss: 0.064261  [38528/50000]
Test Error: 
 Accuracy: 78.7%, Avg loss: 1.259043 

Epoch 71
-------------------------------
loss: 0.008627  [  128/50000]
loss: 0.012214  [12928/50000]
loss: 0.006515  [25728/50000]
loss: 0.024372  [38528/50000]
Test Error: 
 Accuracy: 77.9%, Avg loss: 1.455002 

Epoch 72
-------------------------------
loss: 0.009332  [  128/50000]
loss: 0.050816  [12928/50000]
loss: 0.001768  [25728/50000]
loss: 0.002449  [38528/50000]
Test Error: 
 Accuracy: 78.5%, Avg loss: 1.172901 

Epoch 73
-------------------------------
loss: 0.036903  [  128/50000]
loss: 0.002326  [12928/50000]
loss: 0.005093  [25728/50000]
loss: 0.007451  [38528/50000]
Test Error: 
 Accuracy: 78.7%, Avg loss: 1.482235 

Epoch 74
-------------------------------
loss: 0.000480  [  128/50000]
loss: 0.013801  [12928/50000]
loss: 0.011949  [25728/50000]
loss: 0.001107  [38528/50000]
Test Error: 
 Accuracy: 78.6%, Avg loss: 1.232469 

Epoch 75
-------------------------------
loss: 0.002334  [  128/50000]
loss: 0.001598  [12928/50000]
loss: 0.030373  [25728/50000]
loss: 0.005091  [38528/50000]
Test Error: 
 Accuracy: 79.4%, Avg loss: 1.400175 

Epoch 76
-------------------------------
loss: 0.019940  [  128/50000]
loss: 0.011161  [12928/50000]
loss: 0.002273  [25728/50000]
loss: 0.004525  [38528/50000]
Test Error: 
 Accuracy: 79.0%, Avg loss: 1.347680 

Epoch 77
-------------------------------
loss: 0.005347  [  128/50000]
loss: 0.016513  [12928/50000]
loss: 0.040001  [25728/50000]
loss: 0.037179  [38528/50000]
Test Error: 
 Accuracy: 78.3%, Avg loss: 1.431037 

Epoch 78
-------------------------------
loss: 0.006864  [  128/50000]
loss: 0.000404  [12928/50000]
loss: 0.001299  [25728/50000]
loss: 0.005417  [38528/50000]
Test Error: 
 Accuracy: 77.9%, Avg loss: 1.296313 

Epoch 79
-------------------------------
loss: 0.021748  [  128/50000]
loss: 0.008943  [12928/50000]
loss: 0.003236  [25728/50000]
loss: 0.004658  [38528/50000]
Test Error: 
 Accuracy: 77.5%, Avg loss: 1.324433 

Epoch 80
-------------------------------
loss: 0.013439  [  128/50000]
loss: 0.010112  [12928/50000]
loss: 0.009436  [25728/50000]
loss: 0.061803  [38528/50000]
Test Error: 
 Accuracy: 78.9%, Avg loss: 1.403104 

Epoch 81
-------------------------------
loss: 0.006194  [  128/50000]
loss: 0.014505  [12928/50000]
loss: 0.000546  [25728/50000]
loss: 0.003806  [38528/50000]
Test Error: 
 Accuracy: 78.9%, Avg loss: 1.713595 

Epoch 82
-------------------------------
loss: 0.000763  [  128/50000]
loss: 0.012046  [12928/50000]
loss: 0.002980  [25728/50000]
loss: 0.025276  [38528/50000]
Test Error: 
 Accuracy: 79.3%, Avg loss: 1.315748 

Epoch 83
-------------------------------
loss: 0.004310  [  128/50000]
loss: 0.012328  [12928/50000]
loss: 0.001582  [25728/50000]
loss: 0.003242  [38528/50000]
Test Error: 
 Accuracy: 78.8%, Avg loss: 1.429802 

Epoch 84
-------------------------------
loss: 0.001303  [  128/50000]
loss: 0.005417  [12928/50000]
loss: 0.015086  [25728/50000]
loss: 0.014312  [38528/50000]
Test Error: 
 Accuracy: 78.9%, Avg loss: 1.377709 

Epoch 85
-------------------------------
loss: 0.006174  [  128/50000]
loss: 0.011121  [12928/50000]
loss: 0.001720  [25728/50000]
loss: 0.041111  [38528/50000]
Test Error: 
 Accuracy: 79.0%, Avg loss: 1.400844 

Epoch 86
-------------------------------
loss: 0.013468  [  128/50000]
loss: 0.042100  [12928/50000]
loss: 0.002136  [25728/50000]
loss: 0.001260  [38528/50000]
Test Error: 
 Accuracy: 78.8%, Avg loss: 1.282956 

Epoch 87
-------------------------------
loss: 0.012582  [  128/50000]
loss: 0.002022  [12928/50000]
loss: 0.003501  [25728/50000]
loss: 0.002558  [38528/50000]
Test Error: 
 Accuracy: 79.3%, Avg loss: 1.516992 

Epoch 88
-------------------------------
loss: 0.000080  [  128/50000]
loss: 0.011865  [12928/50000]
loss: 0.005713  [25728/50000]
loss: 0.013753  [38528/50000]
Test Error: 
 Accuracy: 79.8%, Avg loss: 1.439556 

Epoch 89
-------------------------------
loss: 0.000813  [  128/50000]
loss: 0.016544  [12928/50000]
loss: 0.003194  [25728/50000]
loss: 0.001206  [38528/50000]
Test Error: 
 Accuracy: 78.0%, Avg loss: 1.344998 

Epoch 90
-------------------------------
loss: 0.010237  [  128/50000]
loss: 0.001067  [12928/50000]
loss: 0.000821  [25728/50000]
loss: 0.000446  [38528/50000]
Test Error: 
 Accuracy: 79.3%, Avg loss: 1.397273 

Epoch 91
-------------------------------
loss: 0.031741  [  128/50000]
loss: 0.005183  [12928/50000]
loss: 0.000286  [25728/50000]
loss: 0.001335  [38528/50000]
Test Error: 
 Accuracy: 79.4%, Avg loss: 1.338053 

Epoch 92
-------------------------------
loss: 0.000836  [  128/50000]
loss: 0.000320  [12928/50000]
loss: 0.005939  [25728/50000]
loss: 0.000874  [38528/50000]
Test Error: 
 Accuracy: 78.8%, Avg loss: 1.491077 

Epoch 93
-------------------------------
loss: 0.035815  [  128/50000]
loss: 0.117203  [12928/50000]
loss: 0.017368  [25728/50000]
loss: 0.019946  [38528/50000]
Test Error: 
 Accuracy: 79.3%, Avg loss: 1.369690 

Epoch 94
-------------------------------
loss: 0.079574  [  128/50000]
loss: 0.002176  [12928/50000]
loss: 0.016754  [25728/50000]
loss: 0.009212  [38528/50000]
Test Error: 
 Accuracy: 79.7%, Avg loss: 1.279768 

Epoch 95
-------------------------------
loss: 0.000538  [  128/50000]
loss: 0.000567  [12928/50000]
loss: 0.001994  [25728/50000]
loss: 0.007872  [38528/50000]
Test Error: 
 Accuracy: 79.1%, Avg loss: 1.479365 

Epoch 96
-------------------------------
loss: 0.002583  [  128/50000]
loss: 0.001664  [12928/50000]
loss: 0.034766  [25728/50000]
loss: 0.022888  [38528/50000]
Test Error: 
 Accuracy: 79.5%, Avg loss: 1.487531 

Epoch 97
-------------------------------
loss: 0.018382  [  128/50000]
loss: 0.000683  [12928/50000]
loss: 0.000379  [25728/50000]
loss: 0.053912  [38528/50000]
Test Error: 
 Accuracy: 79.4%, Avg loss: 1.559530 

Epoch 98
-------------------------------
loss: 0.036398  [  128/50000]
loss: 0.010345  [12928/50000]
loss: 0.011104  [25728/50000]
loss: 0.025512  [38528/50000]
Test Error: 
 Accuracy: 78.1%, Avg loss: 1.365867 

Epoch 99
-------------------------------
loss: 0.006491  [  128/50000]
loss: 0.003472  [12928/50000]
loss: 0.000660  [25728/50000]
loss: 0.006419  [38528/50000]
Test Error: 
 Accuracy: 79.1%, Avg loss: 1.395540 

Epoch 100
-------------------------------
loss: 0.027546  [  128/50000]
loss: 0.002615  [12928/50000]
loss: 0.099406  [25728/50000]
loss: 0.001688  [38528/50000]
Test Error: 
 Accuracy: 79.8%, Avg loss: 1.423426 

Done!
Traceback (most recent call last):
  File "encode.py", line 227, in <module>
    main(args, is_CL)
  File "encode.py", line 198, in main
    run_encoding(args.data_name, args.encoder_name, batch_size=128, learning_rate=0.0001, epochs=100, optimizer="Adam", load_model=args.load_model)
  File "encode.py", line 164, in run_encoding
    save_loss(train_losses, test_losses, "train_results/"+data_name+ "_"+ encoder_name + "_loss", training=True)
TypeError: save_loss() got an unexpected keyword argument 'training'
End Time: Tue 11 Apr 10:16:29 BST 2023
